<?xml version="1.0" encoding="UTF-8"?>
<testsuite xmlns:xsi="http://www.w3.org/2001/XMLSchema-instance" xsi:noNamespaceSchemaLocation="https://maven.apache.org/surefire/maven-surefire-plugin/xsd/surefire-test-report.xsd" name="cn.hselfweb.ibox.IboxApplicationTests" time="0.002" tests="1" errors="0" skipped="0" failures="0">
  <properties>
    <property name="sun.desktop" value="windows"/>
    <property name="awt.toolkit" value="sun.awt.windows.WToolkit"/>
    <property name="file.encoding.pkg" value="sun.io"/>
    <property name="java.specification.version" value="1.8"/>
    <property name="sun.cpu.isalist" value="amd64"/>
    <property name="sun.jnu.encoding" value="GBK"/>
    <property name="java.class.path" value="C:\Users\Administrator\Desktop\Code\fridge\iboxDev\target\test-classes;C:\Users\Administrator\Desktop\Code\fridge\iboxDev\target\classes;C:\Users\Administrator\.m2\repository\org\springframework\boot\spring-boot-starter-data-jpa\2.1.0.RELEASE\spring-boot-starter-data-jpa-2.1.0.RELEASE.jar;C:\Users\Administrator\.m2\repository\org\springframework\boot\spring-boot-starter-aop\2.1.0.RELEASE\spring-boot-starter-aop-2.1.0.RELEASE.jar;C:\Users\Administrator\.m2\repository\org\springframework\spring-aop\5.1.2.RELEASE\spring-aop-5.1.2.RELEASE.jar;C:\Users\Administrator\.m2\repository\org\aspectj\aspectjweaver\1.9.2\aspectjweaver-1.9.2.jar;C:\Users\Administrator\.m2\repository\org\springframework\boot\spring-boot-starter-jdbc\2.1.0.RELEASE\spring-boot-starter-jdbc-2.1.0.RELEASE.jar;C:\Users\Administrator\.m2\repository\com\zaxxer\HikariCP\3.2.0\HikariCP-3.2.0.jar;C:\Users\Administrator\.m2\repository\org\springframework\spring-jdbc\5.1.2.RELEASE\spring-jdbc-5.1.2.RELEASE.jar;C:\Users\Administrator\.m2\repository\javax\transaction\javax.transaction-api\1.3\javax.transaction-api-1.3.jar;C:\Users\Administrator\.m2\repository\javax\xml\bind\jaxb-api\2.3.1\jaxb-api-2.3.1.jar;C:\Users\Administrator\.m2\repository\javax\activation\javax.activation-api\1.2.0\javax.activation-api-1.2.0.jar;C:\Users\Administrator\.m2\repository\org\hibernate\hibernate-core\5.3.7.Final\hibernate-core-5.3.7.Final.jar;C:\Users\Administrator\.m2\repository\org\jboss\logging\jboss-logging\3.3.2.Final\jboss-logging-3.3.2.Final.jar;C:\Users\Administrator\.m2\repository\javax\persistence\javax.persistence-api\2.2\javax.persistence-api-2.2.jar;C:\Users\Administrator\.m2\repository\org\javassist\javassist\3.23.1-GA\javassist-3.23.1-GA.jar;C:\Users\Administrator\.m2\repository\net\bytebuddy\byte-buddy\1.9.3\byte-buddy-1.9.3.jar;C:\Users\Administrator\.m2\repository\antlr\antlr\2.7.7\antlr-2.7.7.jar;C:\Users\Administrator\.m2\repository\org\jboss\jandex\2.0.5.Final\jandex-2.0.5.Final.jar;C:\Users\Administrator\.m2\repository\com\fasterxml\classmate\1.4.0\classmate-1.4.0.jar;C:\Users\Administrator\.m2\repository\org\dom4j\dom4j\2.1.1\dom4j-2.1.1.jar;C:\Users\Administrator\.m2\repository\org\hibernate\common\hibernate-commons-annotations\5.0.4.Final\hibernate-commons-annotations-5.0.4.Final.jar;C:\Users\Administrator\.m2\repository\org\springframework\data\spring-data-jpa\2.1.2.RELEASE\spring-data-jpa-2.1.2.RELEASE.jar;C:\Users\Administrator\.m2\repository\org\springframework\data\spring-data-commons\2.1.2.RELEASE\spring-data-commons-2.1.2.RELEASE.jar;C:\Users\Administrator\.m2\repository\org\springframework\spring-orm\5.1.2.RELEASE\spring-orm-5.1.2.RELEASE.jar;C:\Users\Administrator\.m2\repository\org\springframework\spring-context\5.1.2.RELEASE\spring-context-5.1.2.RELEASE.jar;C:\Users\Administrator\.m2\repository\org\springframework\spring-tx\5.1.2.RELEASE\spring-tx-5.1.2.RELEASE.jar;C:\Users\Administrator\.m2\repository\org\springframework\spring-beans\5.1.2.RELEASE\spring-beans-5.1.2.RELEASE.jar;C:\Users\Administrator\.m2\repository\org\springframework\spring-aspects\5.1.2.RELEASE\spring-aspects-5.1.2.RELEASE.jar;C:\Users\Administrator\.m2\repository\org\springframework\boot\spring-boot-starter-data-rest\2.1.0.RELEASE\spring-boot-starter-data-rest-2.1.0.RELEASE.jar;C:\Users\Administrator\.m2\repository\org\springframework\boot\spring-boot-starter-json\2.1.0.RELEASE\spring-boot-starter-json-2.1.0.RELEASE.jar;C:\Users\Administrator\.m2\repository\com\fasterxml\jackson\core\jackson-databind\2.9.7\jackson-databind-2.9.7.jar;C:\Users\Administrator\.m2\repository\com\fasterxml\jackson\core\jackson-core\2.9.7\jackson-core-2.9.7.jar;C:\Users\Administrator\.m2\repository\com\fasterxml\jackson\datatype\jackson-datatype-jdk8\2.9.7\jackson-datatype-jdk8-2.9.7.jar;C:\Users\Administrator\.m2\repository\com\fasterxml\jackson\datatype\jackson-datatype-jsr310\2.9.7\jackson-datatype-jsr310-2.9.7.jar;C:\Users\Administrator\.m2\repository\com\fasterxml\jackson\module\jackson-module-parameter-names\2.9.7\jackson-module-parameter-names-2.9.7.jar;C:\Users\Administrator\.m2\repository\org\springframework\data\spring-data-rest-webmvc\3.1.2.RELEASE\spring-data-rest-webmvc-3.1.2.RELEASE.jar;C:\Users\Administrator\.m2\repository\org\springframework\data\spring-data-rest-core\3.1.2.RELEASE\spring-data-rest-core-3.1.2.RELEASE.jar;C:\Users\Administrator\.m2\repository\org\springframework\hateoas\spring-hateoas\0.25.0.RELEASE\spring-hateoas-0.25.0.RELEASE.jar;C:\Users\Administrator\.m2\repository\org\springframework\plugin\spring-plugin-core\1.2.0.RELEASE\spring-plugin-core-1.2.0.RELEASE.jar;C:\Users\Administrator\.m2\repository\org\atteo\evo-inflector\1.2.2\evo-inflector-1.2.2.jar;C:\Users\Administrator\.m2\repository\com\fasterxml\jackson\core\jackson-annotations\2.9.0\jackson-annotations-2.9.0.jar;C:\Users\Administrator\.m2\repository\org\springframework\boot\spring-boot-starter-thymeleaf\2.1.0.RELEASE\spring-boot-starter-thymeleaf-2.1.0.RELEASE.jar;C:\Users\Administrator\.m2\repository\org\springframework\boot\spring-boot-starter\2.1.0.RELEASE\spring-boot-starter-2.1.0.RELEASE.jar;C:\Users\Administrator\.m2\repository\org\springframework\boot\spring-boot-starter-logging\2.1.0.RELEASE\spring-boot-starter-logging-2.1.0.RELEASE.jar;C:\Users\Administrator\.m2\repository\ch\qos\logback\logback-classic\1.2.3\logback-classic-1.2.3.jar;C:\Users\Administrator\.m2\repository\ch\qos\logback\logback-core\1.2.3\logback-core-1.2.3.jar;C:\Users\Administrator\.m2\repository\org\apache\logging\log4j\log4j-to-slf4j\2.11.1\log4j-to-slf4j-2.11.1.jar;C:\Users\Administrator\.m2\repository\org\apache\logging\log4j\log4j-api\2.11.1\log4j-api-2.11.1.jar;C:\Users\Administrator\.m2\repository\org\slf4j\jul-to-slf4j\1.7.25\jul-to-slf4j-1.7.25.jar;C:\Users\Administrator\.m2\repository\javax\annotation\javax.annotation-api\1.3.2\javax.annotation-api-1.3.2.jar;C:\Users\Administrator\.m2\repository\org\yaml\snakeyaml\1.23\snakeyaml-1.23.jar;C:\Users\Administrator\.m2\repository\org\thymeleaf\thymeleaf-spring5\3.0.11.RELEASE\thymeleaf-spring5-3.0.11.RELEASE.jar;C:\Users\Administrator\.m2\repository\org\thymeleaf\thymeleaf\3.0.11.RELEASE\thymeleaf-3.0.11.RELEASE.jar;C:\Users\Administrator\.m2\repository\org\attoparser\attoparser\2.0.5.RELEASE\attoparser-2.0.5.RELEASE.jar;C:\Users\Administrator\.m2\repository\org\unbescape\unbescape\1.1.6.RELEASE\unbescape-1.1.6.RELEASE.jar;C:\Users\Administrator\.m2\repository\org\thymeleaf\extras\thymeleaf-extras-java8time\3.0.1.RELEASE\thymeleaf-extras-java8time-3.0.1.RELEASE.jar;C:\Users\Administrator\.m2\repository\org\springframework\boot\spring-boot-starter-web\2.1.0.RELEASE\spring-boot-starter-web-2.1.0.RELEASE.jar;C:\Users\Administrator\.m2\repository\org\springframework\boot\spring-boot-starter-tomcat\2.1.0.RELEASE\spring-boot-starter-tomcat-2.1.0.RELEASE.jar;C:\Users\Administrator\.m2\repository\org\apache\tomcat\embed\tomcat-embed-core\9.0.12\tomcat-embed-core-9.0.12.jar;C:\Users\Administrator\.m2\repository\org\apache\tomcat\embed\tomcat-embed-el\9.0.12\tomcat-embed-el-9.0.12.jar;C:\Users\Administrator\.m2\repository\org\apache\tomcat\embed\tomcat-embed-websocket\9.0.12\tomcat-embed-websocket-9.0.12.jar;C:\Users\Administrator\.m2\repository\org\hibernate\validator\hibernate-validator\6.0.13.Final\hibernate-validator-6.0.13.Final.jar;C:\Users\Administrator\.m2\repository\javax\validation\validation-api\2.0.1.Final\validation-api-2.0.1.Final.jar;C:\Users\Administrator\.m2\repository\org\springframework\spring-web\5.1.2.RELEASE\spring-web-5.1.2.RELEASE.jar;C:\Users\Administrator\.m2\repository\org\springframework\spring-webmvc\5.1.2.RELEASE\spring-webmvc-5.1.2.RELEASE.jar;C:\Users\Administrator\.m2\repository\org\springframework\spring-expression\5.1.2.RELEASE\spring-expression-5.1.2.RELEASE.jar;C:\Users\Administrator\.m2\repository\org\springframework\boot\spring-boot-starter-web-services\2.1.0.RELEASE\spring-boot-starter-web-services-2.1.0.RELEASE.jar;C:\Users\Administrator\.m2\repository\com\sun\xml\messaging\saaj\saaj-impl\1.5.0\saaj-impl-1.5.0.jar;C:\Users\Administrator\.m2\repository\javax\xml\soap\javax.xml.soap-api\1.4.0\javax.xml.soap-api-1.4.0.jar;C:\Users\Administrator\.m2\repository\org\jvnet\mimepull\mimepull\1.9.10\mimepull-1.9.10.jar;C:\Users\Administrator\.m2\repository\org\jvnet\staxex\stax-ex\1.8\stax-ex-1.8.jar;C:\Users\Administrator\.m2\repository\javax\xml\ws\jaxws-api\2.3.1\jaxws-api-2.3.1.jar;C:\Users\Administrator\.m2\repository\org\springframework\spring-oxm\5.1.2.RELEASE\spring-oxm-5.1.2.RELEASE.jar;C:\Users\Administrator\.m2\repository\org\springframework\ws\spring-ws-core\3.0.4.RELEASE\spring-ws-core-3.0.4.RELEASE.jar;C:\Users\Administrator\.m2\repository\org\springframework\ws\spring-xml\3.0.4.RELEASE\spring-xml-3.0.4.RELEASE.jar;C:\Users\Administrator\.m2\repository\org\mybatis\spring\boot\mybatis-spring-boot-starter\1.3.2\mybatis-spring-boot-starter-1.3.2.jar;C:\Users\Administrator\.m2\repository\org\mybatis\spring\boot\mybatis-spring-boot-autoconfigure\1.3.2\mybatis-spring-boot-autoconfigure-1.3.2.jar;C:\Users\Administrator\.m2\repository\org\mybatis\mybatis\3.4.6\mybatis-3.4.6.jar;C:\Users\Administrator\.m2\repository\org\mybatis\mybatis-spring\1.3.2\mybatis-spring-1.3.2.jar;C:\Users\Administrator\.m2\repository\org\springframework\data\spring-data-rest-hal-browser\3.1.2.RELEASE\spring-data-rest-hal-browser-3.1.2.RELEASE.jar;C:\Users\Administrator\.m2\repository\org\slf4j\slf4j-api\1.7.25\slf4j-api-1.7.25.jar;C:\Users\Administrator\.m2\repository\org\springframework\session\spring-session-core\2.1.1.RELEASE\spring-session-core-2.1.1.RELEASE.jar;C:\Users\Administrator\.m2\repository\org\springframework\spring-jcl\5.1.2.RELEASE\spring-jcl-5.1.2.RELEASE.jar;C:\Users\Administrator\.m2\repository\org\springframework\boot\spring-boot-devtools\2.1.0.RELEASE\spring-boot-devtools-2.1.0.RELEASE.jar;C:\Users\Administrator\.m2\repository\org\springframework\boot\spring-boot\2.1.0.RELEASE\spring-boot-2.1.0.RELEASE.jar;C:\Users\Administrator\.m2\repository\org\springframework\boot\spring-boot-autoconfigure\2.1.0.RELEASE\spring-boot-autoconfigure-2.1.0.RELEASE.jar;C:\Users\Administrator\.m2\repository\org\projectlombok\lombok\1.18.2\lombok-1.18.2.jar;C:\Users\Administrator\.m2\repository\org\springframework\boot\spring-boot-starter-test\2.1.0.RELEASE\spring-boot-starter-test-2.1.0.RELEASE.jar;C:\Users\Administrator\.m2\repository\org\springframework\boot\spring-boot-test\2.1.0.RELEASE\spring-boot-test-2.1.0.RELEASE.jar;C:\Users\Administrator\.m2\repository\org\springframework\boot\spring-boot-test-autoconfigure\2.1.0.RELEASE\spring-boot-test-autoconfigure-2.1.0.RELEASE.jar;C:\Users\Administrator\.m2\repository\com\jayway\jsonpath\json-path\2.4.0\json-path-2.4.0.jar;C:\Users\Administrator\.m2\repository\net\minidev\json-smart\2.3\json-smart-2.3.jar;C:\Users\Administrator\.m2\repository\net\minidev\accessors-smart\1.2\accessors-smart-1.2.jar;C:\Users\Administrator\.m2\repository\org\ow2\asm\asm\5.0.4\asm-5.0.4.jar;C:\Users\Administrator\.m2\repository\junit\junit\4.12\junit-4.12.jar;C:\Users\Administrator\.m2\repository\org\assertj\assertj-core\3.11.1\assertj-core-3.11.1.jar;C:\Users\Administrator\.m2\repository\org\mockito\mockito-core\2.23.0\mockito-core-2.23.0.jar;C:\Users\Administrator\.m2\repository\net\bytebuddy\byte-buddy-agent\1.9.3\byte-buddy-agent-1.9.3.jar;C:\Users\Administrator\.m2\repository\org\objenesis\objenesis\2.6\objenesis-2.6.jar;C:\Users\Administrator\.m2\repository\org\hamcrest\hamcrest-core\1.3\hamcrest-core-1.3.jar;C:\Users\Administrator\.m2\repository\org\hamcrest\hamcrest-library\1.3\hamcrest-library-1.3.jar;C:\Users\Administrator\.m2\repository\org\skyscreamer\jsonassert\1.5.0\jsonassert-1.5.0.jar;C:\Users\Administrator\.m2\repository\com\vaadin\external\google\android-json\0.0.20131108.vaadin1\android-json-0.0.20131108.vaadin1.jar;C:\Users\Administrator\.m2\repository\org\springframework\spring-core\5.1.2.RELEASE\spring-core-5.1.2.RELEASE.jar;C:\Users\Administrator\.m2\repository\org\springframework\spring-test\5.1.2.RELEASE\spring-test-5.1.2.RELEASE.jar;C:\Users\Administrator\.m2\repository\org\xmlunit\xmlunit-core\2.6.2\xmlunit-core-2.6.2.jar;C:\Users\Administrator\.m2\repository\org\jsoup\jsoup\1.10.3\jsoup-1.10.3.jar;C:\Users\Administrator\.m2\repository\mysql\mysql-connector-java\8.0.13\mysql-connector-java-8.0.13.jar;C:\Users\Administrator\.m2\repository\com\aliyun\aliyun-java-sdk-core\4.0.6\aliyun-java-sdk-core-4.0.6.jar;C:\Users\Administrator\.m2\repository\com\google\code\gson\gson\2.8.5\gson-2.8.5.jar;C:\Users\Administrator\.m2\repository\org\apache\httpcomponents\httpclient\4.5.6\httpclient-4.5.6.jar;C:\Users\Administrator\.m2\repository\org\apache\httpcomponents\httpcore\4.4.10\httpcore-4.4.10.jar;C:\Users\Administrator\.m2\repository\commons-codec\commons-codec\1.11\commons-codec-1.11.jar;C:\Users\Administrator\.m2\repository\com\sun\xml\bind\jaxb-core\2.1.14\jaxb-core-2.1.14.jar;C:\Users\Administrator\.m2\repository\com\sun\xml\bind\jaxb-impl\2.1\jaxb-impl-2.1.jar;C:\Users\Administrator\.m2\repository\javax\activation\activation\1.1.1\activation-1.1.1.jar;C:\Users\Administrator\.m2\repository\com\aliyun\aliyun-java-sdk-dysmsapi\1.1.0\aliyun-java-sdk-dysmsapi-1.1.0.jar;C:\Users\Administrator\.m2\repository\us\codecraft\webmagic-core\0.7.3\webmagic-core-0.7.3.jar;C:\Users\Administrator\.m2\repository\org\apache\commons\commons-lang3\3.8.1\commons-lang3-3.8.1.jar;C:\Users\Administrator\.m2\repository\us\codecraft\xsoup\0.3.1\xsoup-0.3.1.jar;C:\Users\Administrator\.m2\repository\commons-collections\commons-collections\3.2.2\commons-collections-3.2.2.jar;C:\Users\Administrator\.m2\repository\commons-io\commons-io\1.3.2\commons-io-1.3.2.jar;C:\Users\Administrator\.m2\repository\com\alibaba\fastjson\1.2.28\fastjson-1.2.28.jar;C:\Users\Administrator\.m2\repository\us\codecraft\webmagic-extension\0.7.3\webmagic-extension-0.7.3.jar;C:\Users\Administrator\.m2\repository\redis\clients\jedis\2.9.0\jedis-2.9.0.jar;C:\Users\Administrator\.m2\repository\org\apache\commons\commons-pool2\2.6.0\commons-pool2-2.6.0.jar;C:\Users\Administrator\.m2\repository\com\google\zxing\core\3.3.0\core-3.3.0.jar;C:\Users\Administrator\.m2\repository\com\qiniu\qiniu-java-sdk\7.2.18\qiniu-java-sdk-7.2.18.jar;C:\Users\Administrator\.m2\repository\com\squareup\okhttp3\okhttp\3.11.0\okhttp-3.11.0.jar;C:\Users\Administrator\.m2\repository\com\squareup\okio\okio\1.14.0\okio-1.14.0.jar;C:\Users\Administrator\.m2\repository\javax\interceptor\javax.interceptor-api\1.2\javax.interceptor-api-1.2.jar;"/>
    <property name="java.vm.vendor" value="Oracle Corporation"/>
    <property name="sun.arch.data.model" value="64"/>
    <property name="user.variant" value=""/>
    <property name="java.vendor.url" value="http://java.oracle.com/"/>
    <property name="user.timezone" value="Asia/Shanghai"/>
    <property name="java.vm.specification.version" value="1.8"/>
    <property name="os.name" value="Windows 7"/>
    <property name="user.country" value="CN"/>
    <property name="sun.java.launcher" value="SUN_STANDARD"/>
    <property name="sun.boot.library.path" value="C:\Program Files\Java\jdk1.8.0_152\jre\bin"/>
    <property name="sun.java.command" value="C:\Users\Administrator\AppData\Local\Temp\surefire2437241061589390659\surefirebooter5751544002161814340.jar C:\Users\Administrator\AppData\Local\Temp\surefire2437241061589390659 2019-05-20T18-53-40_434-jvmRun1 surefire830638895908310730tmp surefire_06476638666076801642tmp"/>
    <property name="surefire.test.class.path" value="C:\Users\Administrator\Desktop\Code\fridge\iboxDev\target\test-classes;C:\Users\Administrator\Desktop\Code\fridge\iboxDev\target\classes;C:\Users\Administrator\.m2\repository\org\springframework\boot\spring-boot-starter-data-jpa\2.1.0.RELEASE\spring-boot-starter-data-jpa-2.1.0.RELEASE.jar;C:\Users\Administrator\.m2\repository\org\springframework\boot\spring-boot-starter-aop\2.1.0.RELEASE\spring-boot-starter-aop-2.1.0.RELEASE.jar;C:\Users\Administrator\.m2\repository\org\springframework\spring-aop\5.1.2.RELEASE\spring-aop-5.1.2.RELEASE.jar;C:\Users\Administrator\.m2\repository\org\aspectj\aspectjweaver\1.9.2\aspectjweaver-1.9.2.jar;C:\Users\Administrator\.m2\repository\org\springframework\boot\spring-boot-starter-jdbc\2.1.0.RELEASE\spring-boot-starter-jdbc-2.1.0.RELEASE.jar;C:\Users\Administrator\.m2\repository\com\zaxxer\HikariCP\3.2.0\HikariCP-3.2.0.jar;C:\Users\Administrator\.m2\repository\org\springframework\spring-jdbc\5.1.2.RELEASE\spring-jdbc-5.1.2.RELEASE.jar;C:\Users\Administrator\.m2\repository\javax\transaction\javax.transaction-api\1.3\javax.transaction-api-1.3.jar;C:\Users\Administrator\.m2\repository\javax\xml\bind\jaxb-api\2.3.1\jaxb-api-2.3.1.jar;C:\Users\Administrator\.m2\repository\javax\activation\javax.activation-api\1.2.0\javax.activation-api-1.2.0.jar;C:\Users\Administrator\.m2\repository\org\hibernate\hibernate-core\5.3.7.Final\hibernate-core-5.3.7.Final.jar;C:\Users\Administrator\.m2\repository\org\jboss\logging\jboss-logging\3.3.2.Final\jboss-logging-3.3.2.Final.jar;C:\Users\Administrator\.m2\repository\javax\persistence\javax.persistence-api\2.2\javax.persistence-api-2.2.jar;C:\Users\Administrator\.m2\repository\org\javassist\javassist\3.23.1-GA\javassist-3.23.1-GA.jar;C:\Users\Administrator\.m2\repository\net\bytebuddy\byte-buddy\1.9.3\byte-buddy-1.9.3.jar;C:\Users\Administrator\.m2\repository\antlr\antlr\2.7.7\antlr-2.7.7.jar;C:\Users\Administrator\.m2\repository\org\jboss\jandex\2.0.5.Final\jandex-2.0.5.Final.jar;C:\Users\Administrator\.m2\repository\com\fasterxml\classmate\1.4.0\classmate-1.4.0.jar;C:\Users\Administrator\.m2\repository\org\dom4j\dom4j\2.1.1\dom4j-2.1.1.jar;C:\Users\Administrator\.m2\repository\org\hibernate\common\hibernate-commons-annotations\5.0.4.Final\hibernate-commons-annotations-5.0.4.Final.jar;C:\Users\Administrator\.m2\repository\org\springframework\data\spring-data-jpa\2.1.2.RELEASE\spring-data-jpa-2.1.2.RELEASE.jar;C:\Users\Administrator\.m2\repository\org\springframework\data\spring-data-commons\2.1.2.RELEASE\spring-data-commons-2.1.2.RELEASE.jar;C:\Users\Administrator\.m2\repository\org\springframework\spring-orm\5.1.2.RELEASE\spring-orm-5.1.2.RELEASE.jar;C:\Users\Administrator\.m2\repository\org\springframework\spring-context\5.1.2.RELEASE\spring-context-5.1.2.RELEASE.jar;C:\Users\Administrator\.m2\repository\org\springframework\spring-tx\5.1.2.RELEASE\spring-tx-5.1.2.RELEASE.jar;C:\Users\Administrator\.m2\repository\org\springframework\spring-beans\5.1.2.RELEASE\spring-beans-5.1.2.RELEASE.jar;C:\Users\Administrator\.m2\repository\org\springframework\spring-aspects\5.1.2.RELEASE\spring-aspects-5.1.2.RELEASE.jar;C:\Users\Administrator\.m2\repository\org\springframework\boot\spring-boot-starter-data-rest\2.1.0.RELEASE\spring-boot-starter-data-rest-2.1.0.RELEASE.jar;C:\Users\Administrator\.m2\repository\org\springframework\boot\spring-boot-starter-json\2.1.0.RELEASE\spring-boot-starter-json-2.1.0.RELEASE.jar;C:\Users\Administrator\.m2\repository\com\fasterxml\jackson\core\jackson-databind\2.9.7\jackson-databind-2.9.7.jar;C:\Users\Administrator\.m2\repository\com\fasterxml\jackson\core\jackson-core\2.9.7\jackson-core-2.9.7.jar;C:\Users\Administrator\.m2\repository\com\fasterxml\jackson\datatype\jackson-datatype-jdk8\2.9.7\jackson-datatype-jdk8-2.9.7.jar;C:\Users\Administrator\.m2\repository\com\fasterxml\jackson\datatype\jackson-datatype-jsr310\2.9.7\jackson-datatype-jsr310-2.9.7.jar;C:\Users\Administrator\.m2\repository\com\fasterxml\jackson\module\jackson-module-parameter-names\2.9.7\jackson-module-parameter-names-2.9.7.jar;C:\Users\Administrator\.m2\repository\org\springframework\data\spring-data-rest-webmvc\3.1.2.RELEASE\spring-data-rest-webmvc-3.1.2.RELEASE.jar;C:\Users\Administrator\.m2\repository\org\springframework\data\spring-data-rest-core\3.1.2.RELEASE\spring-data-rest-core-3.1.2.RELEASE.jar;C:\Users\Administrator\.m2\repository\org\springframework\hateoas\spring-hateoas\0.25.0.RELEASE\spring-hateoas-0.25.0.RELEASE.jar;C:\Users\Administrator\.m2\repository\org\springframework\plugin\spring-plugin-core\1.2.0.RELEASE\spring-plugin-core-1.2.0.RELEASE.jar;C:\Users\Administrator\.m2\repository\org\atteo\evo-inflector\1.2.2\evo-inflector-1.2.2.jar;C:\Users\Administrator\.m2\repository\com\fasterxml\jackson\core\jackson-annotations\2.9.0\jackson-annotations-2.9.0.jar;C:\Users\Administrator\.m2\repository\org\springframework\boot\spring-boot-starter-thymeleaf\2.1.0.RELEASE\spring-boot-starter-thymeleaf-2.1.0.RELEASE.jar;C:\Users\Administrator\.m2\repository\org\springframework\boot\spring-boot-starter\2.1.0.RELEASE\spring-boot-starter-2.1.0.RELEASE.jar;C:\Users\Administrator\.m2\repository\org\springframework\boot\spring-boot-starter-logging\2.1.0.RELEASE\spring-boot-starter-logging-2.1.0.RELEASE.jar;C:\Users\Administrator\.m2\repository\ch\qos\logback\logback-classic\1.2.3\logback-classic-1.2.3.jar;C:\Users\Administrator\.m2\repository\ch\qos\logback\logback-core\1.2.3\logback-core-1.2.3.jar;C:\Users\Administrator\.m2\repository\org\apache\logging\log4j\log4j-to-slf4j\2.11.1\log4j-to-slf4j-2.11.1.jar;C:\Users\Administrator\.m2\repository\org\apache\logging\log4j\log4j-api\2.11.1\log4j-api-2.11.1.jar;C:\Users\Administrator\.m2\repository\org\slf4j\jul-to-slf4j\1.7.25\jul-to-slf4j-1.7.25.jar;C:\Users\Administrator\.m2\repository\javax\annotation\javax.annotation-api\1.3.2\javax.annotation-api-1.3.2.jar;C:\Users\Administrator\.m2\repository\org\yaml\snakeyaml\1.23\snakeyaml-1.23.jar;C:\Users\Administrator\.m2\repository\org\thymeleaf\thymeleaf-spring5\3.0.11.RELEASE\thymeleaf-spring5-3.0.11.RELEASE.jar;C:\Users\Administrator\.m2\repository\org\thymeleaf\thymeleaf\3.0.11.RELEASE\thymeleaf-3.0.11.RELEASE.jar;C:\Users\Administrator\.m2\repository\org\attoparser\attoparser\2.0.5.RELEASE\attoparser-2.0.5.RELEASE.jar;C:\Users\Administrator\.m2\repository\org\unbescape\unbescape\1.1.6.RELEASE\unbescape-1.1.6.RELEASE.jar;C:\Users\Administrator\.m2\repository\org\thymeleaf\extras\thymeleaf-extras-java8time\3.0.1.RELEASE\thymeleaf-extras-java8time-3.0.1.RELEASE.jar;C:\Users\Administrator\.m2\repository\org\springframework\boot\spring-boot-starter-web\2.1.0.RELEASE\spring-boot-starter-web-2.1.0.RELEASE.jar;C:\Users\Administrator\.m2\repository\org\springframework\boot\spring-boot-starter-tomcat\2.1.0.RELEASE\spring-boot-starter-tomcat-2.1.0.RELEASE.jar;C:\Users\Administrator\.m2\repository\org\apache\tomcat\embed\tomcat-embed-core\9.0.12\tomcat-embed-core-9.0.12.jar;C:\Users\Administrator\.m2\repository\org\apache\tomcat\embed\tomcat-embed-el\9.0.12\tomcat-embed-el-9.0.12.jar;C:\Users\Administrator\.m2\repository\org\apache\tomcat\embed\tomcat-embed-websocket\9.0.12\tomcat-embed-websocket-9.0.12.jar;C:\Users\Administrator\.m2\repository\org\hibernate\validator\hibernate-validator\6.0.13.Final\hibernate-validator-6.0.13.Final.jar;C:\Users\Administrator\.m2\repository\javax\validation\validation-api\2.0.1.Final\validation-api-2.0.1.Final.jar;C:\Users\Administrator\.m2\repository\org\springframework\spring-web\5.1.2.RELEASE\spring-web-5.1.2.RELEASE.jar;C:\Users\Administrator\.m2\repository\org\springframework\spring-webmvc\5.1.2.RELEASE\spring-webmvc-5.1.2.RELEASE.jar;C:\Users\Administrator\.m2\repository\org\springframework\spring-expression\5.1.2.RELEASE\spring-expression-5.1.2.RELEASE.jar;C:\Users\Administrator\.m2\repository\org\springframework\boot\spring-boot-starter-web-services\2.1.0.RELEASE\spring-boot-starter-web-services-2.1.0.RELEASE.jar;C:\Users\Administrator\.m2\repository\com\sun\xml\messaging\saaj\saaj-impl\1.5.0\saaj-impl-1.5.0.jar;C:\Users\Administrator\.m2\repository\javax\xml\soap\javax.xml.soap-api\1.4.0\javax.xml.soap-api-1.4.0.jar;C:\Users\Administrator\.m2\repository\org\jvnet\mimepull\mimepull\1.9.10\mimepull-1.9.10.jar;C:\Users\Administrator\.m2\repository\org\jvnet\staxex\stax-ex\1.8\stax-ex-1.8.jar;C:\Users\Administrator\.m2\repository\javax\xml\ws\jaxws-api\2.3.1\jaxws-api-2.3.1.jar;C:\Users\Administrator\.m2\repository\org\springframework\spring-oxm\5.1.2.RELEASE\spring-oxm-5.1.2.RELEASE.jar;C:\Users\Administrator\.m2\repository\org\springframework\ws\spring-ws-core\3.0.4.RELEASE\spring-ws-core-3.0.4.RELEASE.jar;C:\Users\Administrator\.m2\repository\org\springframework\ws\spring-xml\3.0.4.RELEASE\spring-xml-3.0.4.RELEASE.jar;C:\Users\Administrator\.m2\repository\org\mybatis\spring\boot\mybatis-spring-boot-starter\1.3.2\mybatis-spring-boot-starter-1.3.2.jar;C:\Users\Administrator\.m2\repository\org\mybatis\spring\boot\mybatis-spring-boot-autoconfigure\1.3.2\mybatis-spring-boot-autoconfigure-1.3.2.jar;C:\Users\Administrator\.m2\repository\org\mybatis\mybatis\3.4.6\mybatis-3.4.6.jar;C:\Users\Administrator\.m2\repository\org\mybatis\mybatis-spring\1.3.2\mybatis-spring-1.3.2.jar;C:\Users\Administrator\.m2\repository\org\springframework\data\spring-data-rest-hal-browser\3.1.2.RELEASE\spring-data-rest-hal-browser-3.1.2.RELEASE.jar;C:\Users\Administrator\.m2\repository\org\slf4j\slf4j-api\1.7.25\slf4j-api-1.7.25.jar;C:\Users\Administrator\.m2\repository\org\springframework\session\spring-session-core\2.1.1.RELEASE\spring-session-core-2.1.1.RELEASE.jar;C:\Users\Administrator\.m2\repository\org\springframework\spring-jcl\5.1.2.RELEASE\spring-jcl-5.1.2.RELEASE.jar;C:\Users\Administrator\.m2\repository\org\springframework\boot\spring-boot-devtools\2.1.0.RELEASE\spring-boot-devtools-2.1.0.RELEASE.jar;C:\Users\Administrator\.m2\repository\org\springframework\boot\spring-boot\2.1.0.RELEASE\spring-boot-2.1.0.RELEASE.jar;C:\Users\Administrator\.m2\repository\org\springframework\boot\spring-boot-autoconfigure\2.1.0.RELEASE\spring-boot-autoconfigure-2.1.0.RELEASE.jar;C:\Users\Administrator\.m2\repository\org\projectlombok\lombok\1.18.2\lombok-1.18.2.jar;C:\Users\Administrator\.m2\repository\org\springframework\boot\spring-boot-starter-test\2.1.0.RELEASE\spring-boot-starter-test-2.1.0.RELEASE.jar;C:\Users\Administrator\.m2\repository\org\springframework\boot\spring-boot-test\2.1.0.RELEASE\spring-boot-test-2.1.0.RELEASE.jar;C:\Users\Administrator\.m2\repository\org\springframework\boot\spring-boot-test-autoconfigure\2.1.0.RELEASE\spring-boot-test-autoconfigure-2.1.0.RELEASE.jar;C:\Users\Administrator\.m2\repository\com\jayway\jsonpath\json-path\2.4.0\json-path-2.4.0.jar;C:\Users\Administrator\.m2\repository\net\minidev\json-smart\2.3\json-smart-2.3.jar;C:\Users\Administrator\.m2\repository\net\minidev\accessors-smart\1.2\accessors-smart-1.2.jar;C:\Users\Administrator\.m2\repository\org\ow2\asm\asm\5.0.4\asm-5.0.4.jar;C:\Users\Administrator\.m2\repository\junit\junit\4.12\junit-4.12.jar;C:\Users\Administrator\.m2\repository\org\assertj\assertj-core\3.11.1\assertj-core-3.11.1.jar;C:\Users\Administrator\.m2\repository\org\mockito\mockito-core\2.23.0\mockito-core-2.23.0.jar;C:\Users\Administrator\.m2\repository\net\bytebuddy\byte-buddy-agent\1.9.3\byte-buddy-agent-1.9.3.jar;C:\Users\Administrator\.m2\repository\org\objenesis\objenesis\2.6\objenesis-2.6.jar;C:\Users\Administrator\.m2\repository\org\hamcrest\hamcrest-core\1.3\hamcrest-core-1.3.jar;C:\Users\Administrator\.m2\repository\org\hamcrest\hamcrest-library\1.3\hamcrest-library-1.3.jar;C:\Users\Administrator\.m2\repository\org\skyscreamer\jsonassert\1.5.0\jsonassert-1.5.0.jar;C:\Users\Administrator\.m2\repository\com\vaadin\external\google\android-json\0.0.20131108.vaadin1\android-json-0.0.20131108.vaadin1.jar;C:\Users\Administrator\.m2\repository\org\springframework\spring-core\5.1.2.RELEASE\spring-core-5.1.2.RELEASE.jar;C:\Users\Administrator\.m2\repository\org\springframework\spring-test\5.1.2.RELEASE\spring-test-5.1.2.RELEASE.jar;C:\Users\Administrator\.m2\repository\org\xmlunit\xmlunit-core\2.6.2\xmlunit-core-2.6.2.jar;C:\Users\Administrator\.m2\repository\org\jsoup\jsoup\1.10.3\jsoup-1.10.3.jar;C:\Users\Administrator\.m2\repository\mysql\mysql-connector-java\8.0.13\mysql-connector-java-8.0.13.jar;C:\Users\Administrator\.m2\repository\com\aliyun\aliyun-java-sdk-core\4.0.6\aliyun-java-sdk-core-4.0.6.jar;C:\Users\Administrator\.m2\repository\com\google\code\gson\gson\2.8.5\gson-2.8.5.jar;C:\Users\Administrator\.m2\repository\org\apache\httpcomponents\httpclient\4.5.6\httpclient-4.5.6.jar;C:\Users\Administrator\.m2\repository\org\apache\httpcomponents\httpcore\4.4.10\httpcore-4.4.10.jar;C:\Users\Administrator\.m2\repository\commons-codec\commons-codec\1.11\commons-codec-1.11.jar;C:\Users\Administrator\.m2\repository\com\sun\xml\bind\jaxb-core\2.1.14\jaxb-core-2.1.14.jar;C:\Users\Administrator\.m2\repository\com\sun\xml\bind\jaxb-impl\2.1\jaxb-impl-2.1.jar;C:\Users\Administrator\.m2\repository\javax\activation\activation\1.1.1\activation-1.1.1.jar;C:\Users\Administrator\.m2\repository\com\aliyun\aliyun-java-sdk-dysmsapi\1.1.0\aliyun-java-sdk-dysmsapi-1.1.0.jar;C:\Users\Administrator\.m2\repository\us\codecraft\webmagic-core\0.7.3\webmagic-core-0.7.3.jar;C:\Users\Administrator\.m2\repository\org\apache\commons\commons-lang3\3.8.1\commons-lang3-3.8.1.jar;C:\Users\Administrator\.m2\repository\us\codecraft\xsoup\0.3.1\xsoup-0.3.1.jar;C:\Users\Administrator\.m2\repository\commons-collections\commons-collections\3.2.2\commons-collections-3.2.2.jar;C:\Users\Administrator\.m2\repository\commons-io\commons-io\1.3.2\commons-io-1.3.2.jar;C:\Users\Administrator\.m2\repository\com\alibaba\fastjson\1.2.28\fastjson-1.2.28.jar;C:\Users\Administrator\.m2\repository\us\codecraft\webmagic-extension\0.7.3\webmagic-extension-0.7.3.jar;C:\Users\Administrator\.m2\repository\redis\clients\jedis\2.9.0\jedis-2.9.0.jar;C:\Users\Administrator\.m2\repository\org\apache\commons\commons-pool2\2.6.0\commons-pool2-2.6.0.jar;C:\Users\Administrator\.m2\repository\com\google\zxing\core\3.3.0\core-3.3.0.jar;C:\Users\Administrator\.m2\repository\com\qiniu\qiniu-java-sdk\7.2.18\qiniu-java-sdk-7.2.18.jar;C:\Users\Administrator\.m2\repository\com\squareup\okhttp3\okhttp\3.11.0\okhttp-3.11.0.jar;C:\Users\Administrator\.m2\repository\com\squareup\okio\okio\1.14.0\okio-1.14.0.jar;C:\Users\Administrator\.m2\repository\javax\interceptor\javax.interceptor-api\1.2\javax.interceptor-api-1.2.jar;"/>
    <property name="sun.cpu.endian" value="little"/>
    <property name="user.home" value="C:\Users\Administrator"/>
    <property name="user.language" value="zh"/>
    <property name="java.specification.vendor" value="Oracle Corporation"/>
    <property name="java.home" value="C:\Program Files\Java\jdk1.8.0_152\jre"/>
    <property name="basedir" value="C:\Users\Administrator\Desktop\Code\fridge\iboxDev"/>
    <property name="file.separator" value="\"/>
    <property name="line.separator" value="&#10;"/>
    <property name="java.vm.specification.vendor" value="Oracle Corporation"/>
    <property name="java.specification.name" value="Java Platform API Specification"/>
    <property name="java.awt.graphicsenv" value="sun.awt.Win32GraphicsEnvironment"/>
    <property name="surefire.real.class.path" value="C:\Users\Administrator\AppData\Local\Temp\surefire2437241061589390659\surefirebooter5751544002161814340.jar"/>
    <property name="sun.boot.class.path" value="C:\Program Files\Java\jdk1.8.0_152\jre\lib\resources.jar;C:\Program Files\Java\jdk1.8.0_152\jre\lib\rt.jar;C:\Program Files\Java\jdk1.8.0_152\jre\lib\sunrsasign.jar;C:\Program Files\Java\jdk1.8.0_152\jre\lib\jsse.jar;C:\Program Files\Java\jdk1.8.0_152\jre\lib\jce.jar;C:\Program Files\Java\jdk1.8.0_152\jre\lib\charsets.jar;C:\Program Files\Java\jdk1.8.0_152\jre\lib\jfr.jar;C:\Program Files\Java\jdk1.8.0_152\jre\classes"/>
    <property name="user.script" value=""/>
    <property name="sun.management.compiler" value="HotSpot 64-Bit Tiered Compilers"/>
    <property name="java.runtime.version" value="1.8.0_152-b16"/>
    <property name="user.name" value="Administrator"/>
    <property name="path.separator" value=";"/>
    <property name="os.version" value="6.1"/>
    <property name="java.endorsed.dirs" value="C:\Program Files\Java\jdk1.8.0_152\jre\lib\endorsed"/>
    <property name="java.runtime.name" value="Java(TM) SE Runtime Environment"/>
    <property name="file.encoding" value="GBK"/>
    <property name="java.vm.name" value="Java HotSpot(TM) 64-Bit Server VM"/>
    <property name="localRepository" value="C:\Users\Administrator\.m2\repository"/>
    <property name="java.vendor.url.bug" value="http://bugreport.sun.com/bugreport/"/>
    <property name="java.io.tmpdir" value="C:\Users\Administrator\AppData\Local\Temp\"/>
    <property name="idea.version" value="2017.3.5"/>
    <property name="java.version" value="1.8.0_152"/>
    <property name="user.dir" value="C:\Users\Administrator\Desktop\Code\fridge\iboxDev"/>
    <property name="os.arch" value="amd64"/>
    <property name="java.vm.specification.name" value="Java Virtual Machine Specification"/>
    <property name="java.awt.printerjob" value="sun.awt.windows.WPrinterJob"/>
    <property name="sun.os.patch.level" value="Service Pack 1"/>
    <property name="java.library.path" value="C:\Program Files\Java\jdk1.8.0_152\jre\bin;C:\windows\Sun\Java\bin;C:\windows\system32;C:\windows;D:\Program Files\IBM\ILOG\CPLEX_Studio_Community128\opl\bin\x64_win64;D:\Program Files\IBM\ILOG\CPLEX_Studio_Community128\opl\oplide\;D:\Program Files\IBM\ILOG\CPLEX_Studio_Community128\cplex\bin\x64_win64;D:\Program Files\IBM\ILOG\CPLEX_Studio_Community128\cpoptimizer\bin\x64_win64;C:\Program Files\RedHat\java-1.8.0-openjdk-1.8.0.144-1\bin;C:\ProgramData\Oracle\Java\javapath;C:\windows\system32;C:\windows;C:\windows\System32\Wbem;C:\windows\System32\WindowsPowerShell\v1.0\;C:\Program Files (x86)\NVIDIA Corporation\PhysX\Common;C:\Program Files\Java\jre1.8.0_152\bin;C:\Program Files\Java\jdk1.8.0_152\bin;D:\Program Files\apache-tomcat-8.5.34\lib;D:\Program Files\apache-tomcat-8.5.34\bin;D:\Program Files\Git\cmd;D:\Android\android-sdk\tools;D:\Android\android-sdk\platform-tools;C:\Program Files\MySQL\MySQL Utilities 1.6;C:\Program Files\MySQL\MySQL Server 5.7\bin;."/>
    <property name="java.vm.info" value="mixed mode"/>
    <property name="java.vendor" value="Oracle Corporation"/>
    <property name="java.vm.version" value="25.152-b16"/>
    <property name="java.ext.dirs" value="C:\Program Files\Java\jdk1.8.0_152\jre\lib\ext;C:\windows\Sun\Java\lib\ext"/>
    <property name="sun.io.unicode.encoding" value="UnicodeLittle"/>
    <property name="java.class.version" value="52.0"/>
  </properties>
  <testcase name="contextLoads" classname="cn.hselfweb.ibox.IboxApplicationTests" time="0"/>
</testsuite>